#
# A fatal error has been detected by the Java Runtime Environment:
#
#  EXCEPTION_ACCESS_VIOLATION (0xc0000005) at pc=0x0000000050bdd529, pid=7828, tid=8336
#
# JRE version: 7.0_01-b08
# Java VM: Java HotSpot(TM) 64-Bit Server VM (21.1-b02 mixed mode windows-amd64 compressed oops)
# Problematic frame:
# V  [jvm.dll+0xed529]
#
# Failed to write core dump. Minidumps are not enabled by default on client versions of Windows
#
# If you would like to submit a bug report, please visit:
#   http://bugreport.sun.com/bugreport/crash.jsp
#

---------------  T H R E A D  ---------------

Current thread (0x0000000008eee000):  JavaThread "nREPL-worker-19" daemon [_thread_in_vm, id=8336, stack(0x000000000a0b0000,0x000000000a1b0000)]

siginfo: ExceptionCode=0xc0000005, reading address 0x0000000000000000

Registers:
RAX=0x0000000000000000, RBX=0x0000000008eee000, RCX=0x0000000000000e00, RDX=0x0000000000000000
RSP=0x000000000a1ae3a0, RBP=0x000000000a3cb7f8, RSI=0x0000000000000000, RDI=0x0000000000000000
R8 =0x0000000000000000, R9 =0x000000077d19e748, R10=0x0000000002a29b52, R11=0x0000000050caa070
R12=0x000000000a1ae520, R13=0x000000077d195ce0, R14=0x000000000a1ae520, R15=0x0000000008eee000
RIP=0x0000000050bdd529, EFLAGS=0x0000000000010246

Top of Stack: (sp=0x000000000a1ae3a0)
0x000000000a1ae3a0:   0000000000000000 0000000002a161f5
0x000000000a1ae3b0:   0000000000000000 0000000069341599
0x000000000a1ae3c0:   0000000008eee000 0000000000000000
0x000000000a1ae3d0:   000000000a1ae520 000000000a1ae420
0x000000000a1ae3e0:   000000077d195ce0 000000000a1ae520
0x000000000a1ae3f0:   0000000000000000 0000000069342090
0x000000000a1ae400:   0000000008eee1d0 000000000a3cb7f8
0x000000000a1ae410:   00000000ef654f45 00000007d83a0ce0
0x000000000a1ae420:   00000007d83a6658 000000000a1ae428
0x000000000a1ae430:   000000077b30b9e4 000000000a1ae4b0
0x000000000a1ae440:   000000077d195ce8 00000000ef654f45
0x000000000a1ae450:   0000000002a16254 000000000a1ae4f8
0x000000000a1ae460:   0000000000000000 0000000002a29b7f
0x000000000a1ae470:   0000000002a162b3 00000007d83a6640
0x000000000a1ae480:   0000000000000000 00000007d83a6658
0x000000000a1ae490:   00000007d83a6658 0000000000000005 

Instructions: (pc=0x0000000050bdd529)
0x0000000050bdd509:   00 48 83 7b 08 00 48 89 5c 24 20 48 c7 44 24 28
0x0000000050bdd519:   00 00 00 00 74 0a 48 8d 4c 24 20 e8 97 53 10 00
0x0000000050bdd529:   48 8b 36 48 8b ce e8 4c b4 f4 ff 4c 63 e0 49 8d
0x0000000050bdd539:   4c 24 01 e8 8f e6 0b 00 48 8b e8 48 85 c0 75 20 


Register to memory mapping:

RAX=0x0000000000000000 is an unknown value
RBX=0x0000000008eee000 is a thread
RCX=0x0000000000000e00 is an unknown value
RDX=0x0000000000000000 is an unknown value
RSP=0x000000000a1ae3a0 is pointing into the stack for thread: 0x0000000008eee000
RBP=0x000000000a3cb7f8 is an unknown value
RSI=0x0000000000000000 is an unknown value
RDI=0x0000000000000000 is an unknown value
R8 =0x0000000000000000 is an unknown value
R9 =0x000000077d19e748 is an oop
{instance class} 
 - klass: {other class}
R10=0x0000000002a29b52 is an Interpreter codelet
method entry point (kind = native_synchronized)  [0x0000000002a29440, 0x0000000002a2a520]  4320 bytes
R11=0x0000000050caa070 is an unknown value
R12=0x000000000a1ae520 is pointing into the stack for thread: 0x0000000008eee000
R13=0x000000077d195ce0 is an oop
{constMethod} 
 - klass: {other class}
 - method:       0x000000077d195ce8 {method} 'prepare' '(Ljava/lang/String;)J' in 'org/sqlite/NativeDB'
 - exceptions:   0x000000077b201d40
R14=0x000000000a1ae520 is pointing into the stack for thread: 0x0000000008eee000
R15=0x0000000008eee000 is a thread


Stack: [0x000000000a0b0000,0x000000000a1b0000],  sp=0x000000000a1ae3a0,  free space=1016k
Native frames: (J=compiled Java code, j=interpreted, Vv=VM code, C=native code)
V  [jvm.dll+0xed529]

Java frames: (J=compiled Java code, j=interpreted, Vv=VM code)
j  org.sqlite.NativeDB.prepare(Ljava/lang/String;)J+0
j  org.sqlite.DB.prepare(Lorg/sqlite/Stmt;)V+21
j  org.sqlite.Stmt.executeBatch()[I+62
j  clojure.java.jdbc$do_commands$fn__3694.invoke()Ljava/lang/Object;+16
j  clojure.java.jdbc.internal$transaction_STAR_.invoke(Ljava/lang/Object;)Ljava/lang/Object;+191
j  clojure.java.jdbc$do_commands.doInvoke(Ljava/lang/Object;)Ljava/lang/Object;+345
j  clojure.lang.RestFn.invoke(Ljava/lang/Object;Ljava/lang/Object;Ljava/lang/Object;)Ljava/lang/Object;+74
j  db.portfolio_db$save_features$fn__8081.invoke()Ljava/lang/Object;+109
j  clojure.java.jdbc.internal$with_connection_STAR_.invoke(Ljava/lang/Object;Ljava/lang/Object;)Ljava/lang/Object;+106
j  db.portfolio_db$save_features.invoke(Ljava/lang/Object;Ljava/lang/Object;Ljava/lang/Object;Ljava/lang/Object;Ljava/lang/Object;)Ljava/lang/Object;+87
j  controller.system_operations$calculate_nmf.invoke(Ljava/lang/Object;)Ljava/lang/Object;+601
j  controller.system_operations$eval8084.invoke()Ljava/lang/Object;+12
j  clojure.lang.Compiler.eval(Ljava/lang/Object;Z)Ljava/lang/Object;+330
j  clojure.lang.Compiler.eval(Ljava/lang/Object;)Ljava/lang/Object;+2
j  clojure.core$eval.invoke(Ljava/lang/Object;)Ljava/lang/Object;+3
j  clojure.main$repl$read_eval_print__6588$fn__6591.invoke()Ljava/lang/Object;+11
j  clojure.main$repl$read_eval_print__6588.invoke()Ljava/lang/Object;+196
j  clojure.main$repl$fn__6597.invoke()Ljava/lang/Object;+7
j  clojure.main$repl.doInvoke(Ljava/lang/Object;)Ljava/lang/Object;+568
j  clojure.lang.RestFn.invoke(Ljava/lang/Object;Ljava/lang/Object;Ljava/lang/Object;Ljava/lang/Object;Ljava/lang/Object;Ljava/lang/Object;Ljava/lang/Object;Ljava/lang/Object;Ljava/lang/Object;Ljava/lang/Object;Ljava/lang/Object;Ljava/lang/Object;)Ljava/lang/Object;+225
j  clojure.tools.nrepl.middleware.interruptible_eval$evaluate$fn__597.invoke()Ljava/lang/Object;+195
j  clojure.lang.AFn.applyToHelper(Lclojure/lang/IFn;Lclojure/lang/ISeq;)Ljava/lang/Object;+107
j  clojure.lang.AFn.applyTo(Lclojure/lang/ISeq;)Ljava/lang/Object;+8
j  clojure.core$apply.invoke(Ljava/lang/Object;Ljava/lang/Object;)Ljava/lang/Object;+26
j  clojure.core$with_bindings_STAR_.doInvoke(Ljava/lang/Object;Ljava/lang/Object;Ljava/lang/Object;)Ljava/lang/Object;+33
j  clojure.lang.RestFn.invoke(Ljava/lang/Object;Ljava/lang/Object;)Ljava/lang/Object;+109
j  clojure.tools.nrepl.middleware.interruptible_eval$evaluate.invoke(Ljava/lang/Object;Ljava/lang/Object;)Ljava/lang/Object;+512
j  clojure.tools.nrepl.middleware.interruptible_eval$interruptible_eval$fn__638$fn__641.invoke()Ljava/lang/Object;+114
j  clojure.core$comp$fn__4154.invoke()Ljava/lang/Object;+14
j  clojure.tools.nrepl.middleware.interruptible_eval$run_next$fn__631.invoke()Ljava/lang/Object;+7
j  clojure.lang.AFn.run()V+1
j  java.util.concurrent.ThreadPoolExecutor.runWorker(Ljava/util/concurrent/ThreadPoolExecutor$Worker;)V+46
j  java.util.concurrent.ThreadPoolExecutor$Worker.run()V+5
j  java.lang.Thread.run()V+11
v  ~StubRoutines::call_stub

---------------  P R O C E S S  ---------------

Java Threads: ( => current thread )
=>0x0000000008eee000 JavaThread "nREPL-worker-19" daemon [_thread_in_vm, id=8336, stack(0x000000000a0b0000,0x000000000a1b0000)]
  0x0000000008eee800 JavaThread "clojure-agent-send-off-pool-19" [_thread_blocked, id=6496, stack(0x0000000009fb0000,0x000000000a0b0000)]
  0x000000000809f800 JavaThread "qtp614451238-31" [_thread_blocked, id=8668, stack(0x000000000cba0000,0x000000000cca0000)]
  0x000000000809e000 JavaThread "qtp614451238-30" [_thread_blocked, id=5688, stack(0x000000000caa0000,0x000000000cba0000)]
  0x000000000809c800 JavaThread "qtp614451238-29" [_thread_blocked, id=10588, stack(0x000000000c9a0000,0x000000000caa0000)]
  0x000000000809f000 JavaThread "qtp614451238-28" [_thread_blocked, id=2188, stack(0x000000000c8a0000,0x000000000c9a0000)]
  0x000000000809d800 JavaThread "qtp614451238-27" [_thread_blocked, id=10448, stack(0x000000000c7a0000,0x000000000c8a0000)]
  0x000000000809b000 JavaThread "qtp614451238-26" [_thread_blocked, id=2788, stack(0x000000000b680000,0x000000000b780000)]
  0x0000000008099000 JavaThread "qtp614451238-25 Acceptor0 SelectChannelConnector@0.0.0.0:3000" [_thread_in_native, id=6160, stack(0x000000000b580000,0x000000000b680000)]
  0x000000000809c000 JavaThread "qtp614451238-24 Selector0" [_thread_in_native, id=1972, stack(0x000000000b480000,0x000000000b580000)]
  0x0000000008f3b000 JavaThread "clojure-agent-send-off-pool-6" [_thread_blocked, id=12276, stack(0x0000000009dc0000,0x0000000009ec0000)]
  0x0000000008af5000 JavaThread "clojure-agent-send-off-pool-5" [_thread_in_native, id=12776, stack(0x00000000099e0000,0x0000000009ae0000)]
  0x0000000008bc8800 JavaThread "clojure-agent-send-off-pool-4" [_thread_blocked, id=10796, stack(0x00000000098e0000,0x00000000099e0000)]
  0x0000000009018000 JavaThread "clojure-agent-send-off-pool-3" [_thread_in_native, id=9320, stack(0x00000000097e0000,0x00000000098e0000)]
  0x0000000007de8000 JavaThread "clojure-agent-send-off-pool-2" [_thread_blocked, id=3104, stack(0x00000000096e0000,0x00000000097e0000)]
  0x0000000007a46000 JavaThread "clojure-agent-send-off-pool-1" [_thread_in_native, id=6648, stack(0x00000000095e0000,0x00000000096e0000)]
  0x0000000007b2a800 JavaThread "clojure-agent-send-off-pool-0" [_thread_in_native, id=10912, stack(0x00000000094e0000,0x00000000095e0000)]
  0x00000000083fd800 JavaThread "JDWP Command Reader" daemon [_thread_in_native, id=12924, stack(0x0000000008400000,0x0000000008500000)]
  0x0000000006681000 JavaThread "Service Thread" daemon [_thread_blocked, id=9984, stack(0x0000000007600000,0x0000000007700000)]
  0x0000000006675800 JavaThread "C2 CompilerThread1" daemon [_thread_blocked, id=9592, stack(0x0000000007500000,0x0000000007600000)]
  0x000000000666f800 JavaThread "C2 CompilerThread0" daemon [_thread_blocked, id=12080, stack(0x0000000007400000,0x0000000007500000)]
  0x0000000006663000 JavaThread "JDWP Event Helper Thread" daemon [_thread_blocked, id=6248, stack(0x0000000007300000,0x0000000007400000)]
  0x000000000665d000 JavaThread "JDWP Transport Listener: dt_socket" daemon [_thread_blocked, id=8820, stack(0x0000000007200000,0x0000000007300000)]
  0x000000000664e800 JavaThread "Attach Listener" daemon [_thread_blocked, id=10720, stack(0x0000000007100000,0x0000000007200000)]
  0x000000000664b000 JavaThread "Signal Dispatcher" daemon [_thread_blocked, id=12432, stack(0x0000000007000000,0x0000000007100000)]
  0x00000000065e4800 JavaThread "Finalizer" daemon [_thread_blocked, id=10768, stack(0x0000000006f00000,0x0000000007000000)]
  0x00000000065db800 JavaThread "Reference Handler" daemon [_thread_blocked, id=3128, stack(0x0000000006e00000,0x0000000006f00000)]
  0x0000000002913000 JavaThread "main" [_thread_blocked, id=1256, stack(0x00000000027c0000,0x00000000028c0000)]

Other Threads:
  0x00000000065d4000 VMThread [stack: 0x0000000006d00000,0x0000000006e00000] [id=8296]
  0x00000000066c4800 WatcherThread [stack: 0x0000000007700000,0x0000000007800000] [id=9268]

VM state:not at safepoint (normal execution)

VM Mutex/Monitor currently owned by a thread: None

Heap
 PSYoungGen      total 686080K, used 49841K [0x00000007d56b0000, 0x0000000800000000, 0x0000000800000000)
  eden space 674880K, 7% used [0x00000007d56b0000,0x00000007d85057c0,0x00000007fe9c0000)
  from space 11200K, 21% used [0x00000007ff510000,0x00000007ff766fd0,0x0000000800000000)
  to   space 11392K, 0% used [0x00000007fe9c0000,0x00000007fe9c0000,0x00000007ff4e0000)
 PSOldGen        total 87232K, used 44808K [0x0000000780400000, 0x0000000785930000, 0x00000007d56b0000)
  object space 87232K, 51% used [0x0000000780400000,0x0000000782fc21b8,0x0000000785930000)
 PSPermGen       total 35648K, used 35627K [0x000000077b200000, 0x000000077d4d0000, 0x0000000780400000)
  object space 35648K, 99% used [0x000000077b200000,0x000000077d4cadf0,0x000000077d4d0000)

Code Cache  [0x0000000002a10000, 0x0000000002df0000, 0x0000000005a10000)
 total_blobs=1325 nmethods=971 adapters=313 free_code_cache=45261Kb largest_free_block=46280704

Dynamic libraries:
0x00007ff7f4100000 - 0x00007ff7f4133000 	C:\Program Files\Java\jdk1.7.0_01\bin\java.exe
0x00007fff58ba0000 - 0x00007fff58d4a000 	C:\WINDOWS\SYSTEM32\ntdll.dll
0x00007fff55b00000 - 0x00007fff55c3a000 	C:\WINDOWS\system32\KERNEL32.DLL
0x00007fff554b0000 - 0x00007fff555bf000 	C:\WINDOWS\system32\KERNELBASE.dll
0x00007fff53d80000 - 0x00007fff53e08000 	C:\WINDOWS\system32\apphelp.dll
0x00007fff52480000 - 0x00007fff524cf000 	C:\WINDOWS\AppPatch\AppPatch64\AcGenral.DLL
0x00007fff55fa0000 - 0x00007fff56047000 	C:\WINDOWS\system32\msvcrt.dll
0x00007fff54f90000 - 0x00007fff54fbb000 	C:\WINDOWS\SYSTEM32\SspiCli.dll
0x00007fff56190000 - 0x00007fff561e1000 	C:\WINDOWS\system32\SHLWAPI.dll
0x00007fff55660000 - 0x00007fff557d1000 	C:\WINDOWS\system32\USER32.dll
0x00007fff55e20000 - 0x00007fff55f98000 	C:\WINDOWS\system32\ole32.dll
0x00007fff561f0000 - 0x00007fff57610000 	C:\WINDOWS\system32\SHELL32.dll
0x00007fff547c0000 - 0x00007fff547de000 	C:\WINDOWS\SYSTEM32\USERENV.dll
0x00007fff577e0000 - 0x00007fff57885000 	C:\WINDOWS\system32\ADVAPI32.dll
0x00007fff48960000 - 0x00007fff4897b000 	C:\WINDOWS\SYSTEM32\MPR.dll
0x00007fff57670000 - 0x00007fff577a7000 	C:\WINDOWS\system32\RPCRT4.dll
0x00007fff57610000 - 0x00007fff57667000 	C:\WINDOWS\SYSTEM32\sechost.dll
0x00007fff55c40000 - 0x00007fff55e16000 	C:\WINDOWS\SYSTEM32\combase.dll
0x00007fff578a0000 - 0x00007fff579e4000 	C:\WINDOWS\system32\GDI32.dll
0x00007fff55150000 - 0x00007fff55164000 	C:\WINDOWS\SYSTEM32\profapi.dll
0x00007fff521c0000 - 0x00007fff5225f000 	C:\WINDOWS\SYSTEM32\SHCORE.dll
0x00007fff55980000 - 0x00007fff559b4000 	C:\WINDOWS\system32\IMM32.DLL
0x00007fff56050000 - 0x00007fff56189000 	C:\WINDOWS\system32\MSCTF.dll
0x00007fff51d90000 - 0x00007fff51fea000 	C:\WINDOWS\WinSxS\amd64_microsoft.windows.common-controls_6595b64144ccf1df_6.0.9600.17031_none_6242a4b3ecbb55a1\COMCTL32.dll
0x00000000511c0000 - 0x0000000051291000 	C:\Program Files\Java\jdk1.7.0_01\jre\bin\msvcr100.dll
0x0000000050af0000 - 0x00000000511bd000 	C:\Program Files\Java\jdk1.7.0_01\jre\bin\server\jvm.dll
0x00007fff48be0000 - 0x00007fff48be9000 	C:\WINDOWS\SYSTEM32\WSOCK32.dll
0x00007fff51050000 - 0x00007fff5106f000 	C:\WINDOWS\SYSTEM32\WINMM.dll
0x00007fff577d0000 - 0x00007fff577d7000 	C:\WINDOWS\system32\PSAPI.DLL
0x00007fff57c40000 - 0x00007fff57c98000 	C:\WINDOWS\system32\WS2_32.dll
0x00007fff51010000 - 0x00007fff5103a000 	C:\WINDOWS\SYSTEM32\WINMMBASE.dll
0x00007fff57d40000 - 0x00007fff57d49000 	C:\WINDOWS\system32\NSI.dll
0x00007fff555c0000 - 0x00007fff5560a000 	C:\WINDOWS\SYSTEM32\cfgmgr32.dll
0x00007fff53fe0000 - 0x00007fff54006000 	C:\WINDOWS\SYSTEM32\DEVOBJ.dll
0x0000000051cf0000 - 0x0000000051cff000 	C:\Program Files\Java\jdk1.7.0_01\jre\bin\verify.dll
0x0000000050ac0000 - 0x0000000050ae8000 	C:\Program Files\Java\jdk1.7.0_01\jre\bin\java.dll
0x0000000050a80000 - 0x0000000050ab5000 	C:\Program Files\Java\jdk1.7.0_01\jre\bin\jdwp.dll
0x0000000051ce0000 - 0x0000000051ce8000 	C:\Program Files\Java\jdk1.7.0_01\jre\bin\npt.dll
0x0000000050a60000 - 0x0000000050a75000 	C:\Program Files\Java\jdk1.7.0_01\jre\bin\zip.dll
0x0000000050a50000 - 0x0000000050a59000 	C:\Program Files\Java\jdk1.7.0_01\jre\bin\dt_socket.dll
0x00007fff54a10000 - 0x00007fff54a68000 	C:\WINDOWS\system32\mswsock.dll
0x0000000050a30000 - 0x0000000050a49000 	C:\Program Files\Java\jdk1.7.0_01\jre\bin\net.dll
0x0000000050a10000 - 0x0000000050a21000 	C:\Program Files\Java\jdk1.7.0_01\jre\bin\nio.dll
0x00007fff54820000 - 0x00007fff548c3000 	C:\WINDOWS\SYSTEM32\DNSAPI.dll
0x00007fff48dc0000 - 0x00007fff48dc9000 	C:\Windows\System32\rasadhlp.dll
0x00007fff4f7a0000 - 0x00007fff4f808000 	C:\WINDOWS\System32\fwpuclnt.dll
0x00007fff54a70000 - 0x00007fff54a8e000 	C:\WINDOWS\SYSTEM32\CRYPTSP.dll
0x00007fff546b0000 - 0x00007fff546e5000 	C:\WINDOWS\system32\rsaenh.dll
0x00007fff54ca0000 - 0x00007fff54cc6000 	C:\WINDOWS\SYSTEM32\bcrypt.dll
0x00007fff54fc0000 - 0x00007fff55020000 	C:\WINDOWS\system32\bcryptprimitives.dll
0x00007fff55020000 - 0x00007fff5502a000 	C:\WINDOWS\SYSTEM32\CRYPTBASE.dll
0x00007fff43820000 - 0x00007fff43834000 	C:\WINDOWS\system32\napinsp.dll
0x00007fff43800000 - 0x00007fff43819000 	C:\WINDOWS\system32\pnrpnsp.dll
0x00007fff50240000 - 0x00007fff50259000 	C:\WINDOWS\system32\NLAapi.dll
0x00007fff43790000 - 0x00007fff4379c000 	C:\WINDOWS\System32\winrnr.dll
0x00007fff4fa10000 - 0x00007fff4fa39000 	C:\WINDOWS\SYSTEM32\IPHLPAPI.DLL
0x00007fff4f9e0000 - 0x00007fff4f9ea000 	C:\WINDOWS\SYSTEM32\WINNSI.DLL
0x0000000050760000 - 0x00000000508f3000 	C:\Program Files\Java\jdk1.7.0_01\jre\bin\awt.dll
0x00007fff55a20000 - 0x00007fff55ad7000 	C:\WINDOWS\system32\OLEAUT32.dll
0x0000000069340000 - 0x00000000693c5000 	C:\Users\Riper\AppData\Local\Temp\sqlite-3.7.2-sqlitejdbc.dll

VM Arguments:
jvm_args: -Xdebug -Xrunjdwp:transport=dt_socket,server=y,suspend=n -Dclojure.compile.path=C:\Users\Riper\workspace\stocker\target\classes -Dstocker.version=0.1.0-SNAPSHOT -Dfile.encoding=UTF-8 -Dclojure.debug=false 
java_command: clojure.main -i C:\Users\Riper\AppData\Local\Temp\form-init1720626872943011824.clj
Launcher Type: SUN_STANDARD

Environment Variables:
PATH=C:\Program Files (x86)\NVIDIA Corporation\PhysX\Common;C:\Program Files (x86)\iis express\PHP\v5.4;C:\Program Files\Common Files\Microsoft Shared\Windows Live;C:\WINDOWS\system32;C:\WINDOWS;C:\WINDOWS\System32\Wbem;C:\WINDOWS\System32\WindowsPowerShell\v1.0\;C:\Program Files (x86)\Autodesk\Backburner\;C:\Program Files (x86)\Microsoft ASP.NET\ASP.NET Web Pages\v1.0\;C:\Users\Riper\AppData\Roaming\npm;C:\Program Files (x86)\nodejs\;C:\Program Files (x86)\Microsoft SQL Server\100\Tools\Binn\;C:\Program Files\Microsoft SQL Server\100\Tools\Binn\;C:\Program Files\Microsoft SQL Server\100\DTS\Binn\;C:\Program Files (x86)\Microsoft SQL Server\110\Tools\Binn\;C:\Program Files\Microsoft SQL Server\110\Tools\Binn\;C:\Program Files\Microsoft SQL Server\110\DTS\Binn\;C:\Program Files (x86)\Microsoft SQL Server\110\Tools\Binn\ManagementStudio\;C:\Program Files (x86)\Microsoft SQL Server\110\DTS\Binn\;C:\Program Files (x86)\Windows Kits\8.0\Windows Performance Toolkit\;C:\Program Files (x86)\GtkSharp\2.12\bin;C:\Program Fi;C:\Program Files\MySQL\MySQL Server 5.1\bin;C:\Program Files (x86)\Google\Google Apps Sync\;C:\Program Files\Microsoft SQL Server\120\Tools\Binn\;C:\Program Files (x86)\Google\Google Apps Migration\;C:\Program Files\Common Files\Microsoft Shared\Windows Live;C:\Users\Riper\.lein\bin
USERNAME=Riper
OS=Windows_NT
PROCESSOR_IDENTIFIER=Intel64 Family 6 Model 42 Stepping 7, GenuineIntel



---------------  S Y S T E M  ---------------

OS: Windows NT 6.2 Build 9200 

CPU:total 4 (4 cores per cpu, 1 threads per core) family 6 model 42 stepping 7, cmov, cx8, fxsr, mmx, sse, sse2, sse3, ssse3, sse4.1, sse4.2, popcnt

Memory: 4k page, physical 8369000k(2106328k free), swap 16757608k(7846148k free)

vm_info: Java HotSpot(TM) 64-Bit Server VM (21.1-b02) for windows-amd64 JRE (1.7.0_01-b08), built on Oct  3 2011 01:39:25 by "java_re" with unknown MS VC++:1600

time: Sat Sep 06 22:36:41 2014
elapsed time: 1906 seconds

